#block-views-block-view-noticia-pbh-block-5 > div > div > div > div > div > div.views-field.views-field-nothing > span > span:nth-child(1) > span > font > font
VM19977:1 Uncaught SyntaxError: Unexpected identifier
document.getElementsByClassName("col-sm-6 lbl-licitacao");
HTMLCollection(4) [span.col-sm-6.lbl-licitacao, span.col-sm-6.lbl-licitacao, span.col-sm-6.lbl-licitacao, span.col-sm-6.lbl-licitacao]
var names=document.getElementsByClassName("col-sm-6 lbl-licitacao");
undefined
var names = document.getElementsByClassName("col-sm-6 lbl-licitacao");
undefined
var names = document.getElementsByClassName("col-sm-6 lbl-licitacao");                                                  for(i=0;i<names.length;i++){
    console.log(names[i].innerText);
}
VM28360:2 PUBLICATION DATE: 02/02/2021
VM28360:2 MODALITY: Electronic Auction
VM28360:2 SITUATION: Approved
VM28360:2 BIDDING DATE: 02/18/2021
undefined
var names = document.getElementsByClassName("lbl-licitacao");                                                  for(i=0;i<names.length;i++){
    console.log(names[i].innerText);
}
VM29400:2 PUBLICATION DATE: 02/02/2021
VM29400:2 OBJECT:
VM29400:2 ADDITIONAL INFORMATION:
VM29400:2 MODALITY: Electronic Auction
VM29400:2 SITUATION: Approved
VM29400:2 BIDDING DATE: 02/18/2021
VM29400:2 HISTORIC:
undefined
var nam = document.getElementsByClassName("lbl-licitacao");                                                  for(i=0;i<nam.length;i++){
    console.log(nam[i].innerText);
}
VM29422:2 PUBLICATION DATE: 02/02/2021
VM29422:2 OBJECT:
VM29422:2 ADDITIONAL INFORMATION:
VM29422:2 MODALITY: Electronic Auction
VM29422:2 SITUATION: Approved
VM29422:2 BIDDING DATE: 02/18/2021
VM29422:2 HISTORIC:
undefined
document.evaluate("//*[@id="block-views-block-view-noticia-pbh-block-5"]/div/div/div/div/div/div[2]/span/span[2]/span/font/font".document,XPathResult.FIRST_ORDERED_NODE_TYPE,null)
VM33278:1 Uncaught SyntaxError: missing ) after argument list
var xpath  = document.evaluate("//*[@id="block-views-block-view-noticia-pbh-block-5"]/div/div/div/div/div/div[2]/span/span[2]/span/font/font".document,XPathResult.FIRST_ORDERED_NODE_TYPE,null)
VM33304:1 Uncaught SyntaxError: missing ) after argument list
var xpath  = document.evaluate("//*[@id="block-views-block-view-noticia-pbh-block-5"]/div/div/div/div/div/div[2]/span/span[2]/span/font/font",document,null,XPathResult.FIRST_ORDERED_NODE_TYPE,null)
VM33321:1 Uncaught SyntaxError: missing ) after argument list
